<?xml version="1.0" encoding="UTF-8"?>
<robot generator="Robot 6.1.1 (Python 3.9.6 on darwin)" generated="20240127 13:48:25.026" rpa="false" schemaversion="4">
<suite id="s1" name="Site" source="/Users/bono/Desktop/robot-github-actions/Tests/Site.robot">
<test id="s1-t1" name="Landing page should load" line="29">
<kw name="Log To Console" library="BuiltIn">
<arg>HEADLESS_MODE:${headless_mode} BROWSER:${browser}</arg>
<doc>Logs the given message to the console.</doc>
<status status="PASS" starttime="20240127 13:48:25.111" endtime="20240127 13:48:25.111"/>
</kw>
<kw name="Open Browser" library="SeleniumLibrary">
<arg>about:blank</arg>
<arg>${BROWSER}</arg>
<doc>Opens a new browser instance to the optional ``url``.</doc>
<msg timestamp="20240127 13:48:25.111" level="INFO">Opening browser 'headlessfirefox' to base url 'about:blank'.</msg>
<status status="PASS" starttime="20240127 13:48:25.111" endtime="20240127 13:48:26.704"/>
</kw>
<kw name="Go To" library="SeleniumLibrary">
<arg>${LANDING_PAGE_URL}</arg>
<doc>Navigates the current browser window to the provided ``url``.</doc>
<msg timestamp="20240127 13:48:26.704" level="INFO">Opening url 'https://www.saucedemo.com/'</msg>
<status status="PASS" starttime="20240127 13:48:26.704" endtime="20240127 13:48:27.490"/>
</kw>
<kw name="Close All Browsers" library="SeleniumLibrary">
<doc>Closes all open browsers and resets the browser cache.</doc>
<status status="PASS" starttime="20240127 13:48:27.490" endtime="20240127 13:48:29.111"/>
</kw>
<status status="PASS" starttime="20240127 13:48:25.111" endtime="20240127 13:48:29.111"/>
</test>
<test id="s1-t2" name="Login with credentials" line="35">
<kw name="Log To Console" library="BuiltIn">
<arg>HEADLESS_MODE:${headless_mode}</arg>
<arg>BROWSER:${browser}</arg>
<doc>Logs the given message to the console.</doc>
<status status="PASS" starttime="20240127 13:48:29.112" endtime="20240127 13:48:29.112"/>
</kw>
<kw name="Open Browser" library="SeleniumLibrary">
<arg>about:blank</arg>
<arg>${BROWSER}</arg>
<doc>Opens a new browser instance to the optional ``url``.</doc>
<msg timestamp="20240127 13:48:29.113" level="INFO">Opening browser 'headlessfirefox' to base url 'about:blank'.</msg>
<status status="PASS" starttime="20240127 13:48:29.113" endtime="20240127 13:48:30.710"/>
</kw>
<kw name="Go To" library="SeleniumLibrary">
<arg>${LANDING_PAGE_URL}</arg>
<doc>Navigates the current browser window to the provided ``url``.</doc>
<msg timestamp="20240127 13:48:30.711" level="INFO">Opening url 'https://www.saucedemo.com/'</msg>
<status status="PASS" starttime="20240127 13:48:30.711" endtime="20240127 13:48:31.591"/>
</kw>
<kw name="Input Text" library="SeleniumLibrary">
<arg>${USERNAME_TEXT_BOX}</arg>
<arg>${VALID_USERNAME}[0]</arg>
<doc>Types the given ``text`` into the text field identified by ``locator``.</doc>
<msg timestamp="20240127 13:48:31.592" level="INFO">Typing text 'standard_user' into text field 'xpath=//input[@id='user-name']'.</msg>
<status status="PASS" starttime="20240127 13:48:31.592" endtime="20240127 13:48:31.641"/>
</kw>
<kw name="Input Text" library="SeleniumLibrary">
<arg>${PASSWORD_TEXT_BOX}</arg>
<arg>${VALID_PASSWORD}</arg>
<doc>Types the given ``text`` into the text field identified by ``locator``.</doc>
<msg timestamp="20240127 13:48:31.642" level="INFO">Typing text 'secret_sauce' into text field 'xpath=//input[@id='password']'.</msg>
<status status="PASS" starttime="20240127 13:48:31.641" endtime="20240127 13:48:31.651"/>
</kw>
<kw name="Click Element" library="SeleniumLibrary">
<arg>${LOGIN_BUTTON}</arg>
<doc>Click the element identified by ``locator``.</doc>
<msg timestamp="20240127 13:48:31.651" level="INFO">Clicking element 'xpath=//input[@id='login-button']'.</msg>
<status status="PASS" starttime="20240127 13:48:31.651" endtime="20240127 13:48:31.882"/>
</kw>
<kw name="Location Should Be" library="SeleniumLibrary">
<arg>${INVENTORY_URL}</arg>
<doc>Verifies that the current URL is exactly ``url``.</doc>
<msg timestamp="20240127 13:48:31.883" level="INFO">Current location is 'https://www.saucedemo.com/inventory.html'.</msg>
<status status="PASS" starttime="20240127 13:48:31.882" endtime="20240127 13:48:31.883"/>
</kw>
<kw name="Close All Browsers" library="SeleniumLibrary">
<doc>Closes all open browsers and resets the browser cache.</doc>
<status status="PASS" starttime="20240127 13:48:31.883" endtime="20240127 13:48:33.295"/>
</kw>
<status status="PASS" starttime="20240127 13:48:29.112" endtime="20240127 13:48:33.295"/>
</test>
<doc>Github Actions and Robot Framework demo</doc>
<status status="PASS" starttime="20240127 13:48:25.027" endtime="20240127 13:48:33.296"/>
</suite>
<statistics>
<total>
<stat pass="2" fail="0" skip="0">All Tests</stat>
</total>
<tag>
</tag>
<suite>
<stat pass="2" fail="0" skip="0" id="s1" name="Site">Site</stat>
</suite>
</statistics>
<errors>
</errors>
</robot>
