<?xml version="1.0" encoding="UTF-8"?>
<robot generator="Robot 6.1.1 (Python 3.9.6 on darwin)" generated="20240127 16:32:45.778" rpa="false" schemaversion="4">
<suite id="s1" name="Site" source="/Users/bono/Desktop/robot-github-actions/Tests/Site.robot">
<test id="s1-t1" name="Landing page should load" line="32">
<kw name="Log To Console" library="BuiltIn">
<arg>HEADLESS_MODE:${headless_mode} BROWSER:${browser}</arg>
<doc>Logs the given message to the console.</doc>
<status status="PASS" starttime="20240127 16:32:45.870" endtime="20240127 16:32:45.870"/>
</kw>
<kw name="Open Browser" library="SeleniumLibrary">
<arg>about:blank</arg>
<arg>${BROWSER}</arg>
<doc>Opens a new browser instance to the optional ``url``.</doc>
<msg timestamp="20240127 16:32:45.870" level="INFO">Opening browser 'headlessfirefox' to base url 'about:blank'.</msg>
<status status="PASS" starttime="20240127 16:32:45.870" endtime="20240127 16:32:51.664"/>
</kw>
<kw name="Go To" library="SeleniumLibrary">
<arg>${LANDING_PAGE_URL}</arg>
<doc>Navigates the current browser window to the provided ``url``.</doc>
<msg timestamp="20240127 16:32:51.665" level="INFO">Opening url 'https://www.saucedemo.com/'</msg>
<status status="PASS" starttime="20240127 16:32:51.664" endtime="20240127 16:32:53.371"/>
</kw>
<kw name="Close All Browsers" library="SeleniumLibrary">
<doc>Closes all open browsers and resets the browser cache.</doc>
<status status="PASS" starttime="20240127 16:32:53.371" endtime="20240127 16:32:53.871"/>
</kw>
<status status="PASS" starttime="20240127 16:32:45.869" endtime="20240127 16:32:53.871"/>
</test>
<test id="s1-t2" name="Login with credentials" line="38">
<kw name="Log To Console" library="BuiltIn">
<arg>HEADLESS_MODE:${HEADLESS_MODE} BROWSER:${BROWSER}</arg>
<doc>Logs the given message to the console.</doc>
<status status="PASS" starttime="20240127 16:32:53.872" endtime="20240127 16:32:53.872"/>
</kw>
<kw name="Open Browser" library="SeleniumLibrary">
<arg>about:blank</arg>
<arg>${BROWSER}</arg>
<doc>Opens a new browser instance to the optional ``url``.</doc>
<msg timestamp="20240127 16:32:53.873" level="INFO">Opening browser 'headlessfirefox' to base url 'about:blank'.</msg>
<status status="PASS" starttime="20240127 16:32:53.872" endtime="20240127 16:32:55.416"/>
</kw>
<kw name="Go To" library="SeleniumLibrary">
<arg>${LANDING_PAGE_URL}</arg>
<doc>Navigates the current browser window to the provided ``url``.</doc>
<msg timestamp="20240127 16:32:55.416" level="INFO">Opening url 'https://www.saucedemo.com/'</msg>
<status status="PASS" starttime="20240127 16:32:55.416" endtime="20240127 16:32:56.348"/>
</kw>
<kw name="Input Text" library="SeleniumLibrary">
<arg>${USERNAME_TEXT_BOX}</arg>
<arg>${VALID_USERNAME}[0]</arg>
<doc>Types the given ``text`` into the text field identified by ``locator``.</doc>
<msg timestamp="20240127 16:32:56.349" level="INFO">Typing text 'standard_user' into text field 'xpath=//input[@id='user-name']'.</msg>
<status status="PASS" starttime="20240127 16:32:56.348" endtime="20240127 16:32:56.399"/>
</kw>
<kw name="Input Text" library="SeleniumLibrary">
<arg>${PASSWORD_TEXT_BOX}</arg>
<arg>${VALID_PASSWORD}</arg>
<doc>Types the given ``text`` into the text field identified by ``locator``.</doc>
<msg timestamp="20240127 16:32:56.400" level="INFO">Typing text 'secret_sauce' into text field 'xpath=//input[@id='password']'.</msg>
<status status="PASS" starttime="20240127 16:32:56.399" endtime="20240127 16:32:56.409"/>
</kw>
<kw name="Click Element" library="SeleniumLibrary">
<arg>${LOGIN_BUTTON}</arg>
<doc>Click the element identified by ``locator``.</doc>
<msg timestamp="20240127 16:32:56.410" level="INFO">Clicking element 'xpath=//input[@id='login-button']'.</msg>
<status status="PASS" starttime="20240127 16:32:56.409" endtime="20240127 16:32:56.641"/>
</kw>
<kw name="Location Should Be" library="SeleniumLibrary">
<arg>${INVENTORY_URL}</arg>
<doc>Verifies that the current URL is exactly ``url``.</doc>
<msg timestamp="20240127 16:32:56.642" level="INFO">Current location is 'https://www.saucedemo.com/inventory.html'.</msg>
<status status="PASS" starttime="20240127 16:32:56.641" endtime="20240127 16:32:56.642"/>
</kw>
<kw name="Close All Browsers" library="SeleniumLibrary">
<doc>Closes all open browsers and resets the browser cache.</doc>
<status status="PASS" starttime="20240127 16:32:56.642" endtime="20240127 16:32:58.052"/>
</kw>
<status status="PASS" starttime="20240127 16:32:53.872" endtime="20240127 16:32:58.053"/>
</test>
<test id="s1-t3" name="Add item to cart" line="49">
<kw name="Log To Console" library="BuiltIn">
<arg>HEADLESS_MODE:${HEADLESS_MODE} BROWSER:${BROWSER}</arg>
<doc>Logs the given message to the console.</doc>
<status status="PASS" starttime="20240127 16:32:58.053" endtime="20240127 16:32:58.053"/>
</kw>
<kw name="Open Browser" library="SeleniumLibrary">
<arg>about:blank</arg>
<arg>${BROWSER}</arg>
<doc>Opens a new browser instance to the optional ``url``.</doc>
<msg timestamp="20240127 16:32:58.054" level="INFO">Opening browser 'headlessfirefox' to base url 'about:blank'.</msg>
<status status="PASS" starttime="20240127 16:32:58.054" endtime="20240127 16:32:59.610"/>
</kw>
<kw name="Go To" library="SeleniumLibrary">
<arg>${LANDING_PAGE_URL}</arg>
<doc>Navigates the current browser window to the provided ``url``.</doc>
<msg timestamp="20240127 16:32:59.611" level="INFO">Opening url 'https://www.saucedemo.com/'</msg>
<status status="PASS" starttime="20240127 16:32:59.610" endtime="20240127 16:33:00.391"/>
</kw>
<kw name="Input Text" library="SeleniumLibrary">
<arg>${USERNAME_TEXT_BOX}</arg>
<arg>${VALID_USERNAME}[0]</arg>
<doc>Types the given ``text`` into the text field identified by ``locator``.</doc>
<msg timestamp="20240127 16:33:00.392" level="INFO">Typing text 'standard_user' into text field 'xpath=//input[@id='user-name']'.</msg>
<status status="PASS" starttime="20240127 16:33:00.392" endtime="20240127 16:33:00.433"/>
</kw>
<kw name="Input Text" library="SeleniumLibrary">
<arg>${PASSWORD_TEXT_BOX}</arg>
<arg>${VALID_PASSWORD}</arg>
<doc>Types the given ``text`` into the text field identified by ``locator``.</doc>
<msg timestamp="20240127 16:33:00.434" level="INFO">Typing text 'secret_sauce' into text field 'xpath=//input[@id='password']'.</msg>
<status status="PASS" starttime="20240127 16:33:00.433" endtime="20240127 16:33:00.443"/>
</kw>
<kw name="Click Element" library="SeleniumLibrary">
<arg>${LOGIN_BUTTON}</arg>
<doc>Click the element identified by ``locator``.</doc>
<msg timestamp="20240127 16:33:00.443" level="INFO">Clicking element 'xpath=//input[@id='login-button']'.</msg>
<status status="PASS" starttime="20240127 16:33:00.443" endtime="20240127 16:33:00.686"/>
</kw>
<kw name="Location Should Be" library="SeleniumLibrary">
<arg>${INVENTORY_URL}</arg>
<doc>Verifies that the current URL is exactly ``url``.</doc>
<msg timestamp="20240127 16:33:00.687" level="INFO">Current location is 'https://www.saucedemo.com/inventory.html'.</msg>
<status status="PASS" starttime="20240127 16:33:00.686" endtime="20240127 16:33:00.687"/>
</kw>
<kw name="Click Element" library="SeleniumLibrary">
<arg>xpath=//button[@id='add-to-cart-sauce-labs-backpack']</arg>
<doc>Click the element identified by ``locator``.</doc>
<msg timestamp="20240127 16:33:00.687" level="INFO">Clicking element 'xpath=//button[@id='add-to-cart-sauce-labs-backpack']'.</msg>
<status status="PASS" starttime="20240127 16:33:00.687" endtime="20240127 16:33:00.917"/>
</kw>
<kw name="Wait Until Element Is Visible" library="SeleniumLibrary">
<arg>xpath=//button[@id='remove-sauce-labs-backpack']</arg>
<doc>Waits until the element ``locator`` is visible.</doc>
<status status="PASS" starttime="20240127 16:33:00.917" endtime="20240127 16:33:00.933"/>
</kw>
<kw name="Close All Browsers" library="SeleniumLibrary">
<doc>Closes all open browsers and resets the browser cache.</doc>
<status status="PASS" starttime="20240127 16:33:00.933" endtime="20240127 16:33:02.360"/>
</kw>
<status status="PASS" starttime="20240127 16:32:58.053" endtime="20240127 16:33:02.360"/>
</test>
<doc>Github Actions and Robot Framework demo</doc>
<status status="PASS" starttime="20240127 16:32:45.779" endtime="20240127 16:33:02.361"/>
</suite>
<statistics>
<total>
<stat pass="3" fail="0" skip="0">All Tests</stat>
</total>
<tag>
</tag>
<suite>
<stat pass="3" fail="0" skip="0" id="s1" name="Site">Site</stat>
</suite>
</statistics>
<errors>
</errors>
</robot>
